<?xml version="1.0" encoding="UTF-8"?>
<!-- Generated by org.testng.reporters.JUnitReportReporter -->
<testsuite skipped="0" hostname="LAPTOP-78FTHU8P" name="testcases.MonthDropDownTest" tests="3" failures="0" timestamp="27 Oct 2019 23:46:00 GMT" time="3.720" errors="0">
  <testcase name="addCategory" time="1.322" classname="testcases.MonthDropDownTest"/>
  <testcase name="noDuplication" time="1.888" classname="testcases.MonthDropDownTest"/>
  <testcase name="MonthDropDownList" time="0.510" classname="testcases.MonthDropDownTest"/>
</testsuite> <!-- testcases.MonthDropDownTest -->
