<?xml version="1.0" encoding="UTF-8"?>
<!-- Generated by org.testng.reporters.JUnitReportReporter -->
<testsuite skipped="0" hostname="LAPTOP-78FTHU8P" name="testcases.Tests" tests="3" failures="0" timestamp="27 Oct 2019 23:47:28 GMT" time="9.055" errors="0">
  <testcase name="addCategory" time="4.398" classname="testcases.Tests"/>
  <testcase name="noDuplication" time="4.237" classname="testcases.Tests"/>
  <testcase name="MonthDropDownList" time="0.420" classname="testcases.Tests"/>
</testsuite> <!-- testcases.Tests -->
