<?xml version="1.0" encoding="UTF-8"?>
<!-- Generated by org.testng.reporters.JUnitReportReporter -->
<testsuite skipped="0" hostname="LAPTOP-78FTHU8P" name="test.MonthDropDownTest" tests="3" failures="0" timestamp="27 Oct 2019 23:42:33 GMT" time="3.681" errors="0">
  <testcase name="addCategory" time="1.247" classname="test.MonthDropDownTest"/>
  <testcase name="noDuplication" time="1.875" classname="test.MonthDropDownTest"/>
  <testcase name="MonthDropDownList" time="0.559" classname="test.MonthDropDownTest"/>
</testsuite> <!-- test.MonthDropDownTest -->
